<?xml version="1.0" encoding="UTF-8" ?>
<testsuite tests="4" failures="0" name="com.sainsburys.SainsburysWebpageParser.AppTest" time="17.821" errors="0" skipped="0">
  <properties>
    <property name="java.runtime.name" value="OpenJDK Runtime Environment"/>
    <property name="java.vm.version" value="11.0.5+10-LTS"/>
    <property name="sun.boot.library.path" value="D:\Program Files\Amazon Corretto\jdk11.0.5_10\bin"/>
    <property name="maven.multiModuleProjectDirectory" value="D:\Users\HP STORM 28 1\workspace\SainsburysWebpageParser"/>
    <property name="java.vm.vendor" value="Amazon.com Inc."/>
    <property name="java.vendor.url" value="https://aws.amazon.com/corretto/"/>
    <property name="guice.disable.misplaced.annotation.check" value="true"/>
    <property name="path.separator" value=";"/>
    <property name="java.vm.name" value="OpenJDK 64-Bit Server VM"/>
    <property name="sun.os.patch.level" value=""/>
    <property name="user.script" value=""/>
    <property name="user.country" value="GB"/>
    <property name="sun.java.launcher" value="SUN_STANDARD"/>
    <property name="java.vm.specification.name" value="Java Virtual Machine Specification"/>
    <property name="user.dir" value="D:\Users\HP STORM 28 1\workspace\SainsburysWebpageParser"/>
    <property name="java.vm.compressedOopsMode" value="32-bit"/>
    <property name="java.runtime.version" value="11.0.5+10-LTS"/>
    <property name="java.awt.graphicsenv" value="sun.awt.Win32GraphicsEnvironment"/>
    <property name="os.arch" value="amd64"/>
    <property name="java.io.tmpdir" value="D:\Temp\Temp3\"/>
    <property name="line.separator" value="
"/>
    <property name="java.vm.specification.vendor" value="Oracle Corporation"/>
    <property name="user.variant" value=""/>
    <property name="os.name" value="Windows 10"/>
    <property name="classworlds.conf" value="D:\Downloads\apache-maven-3.6.0\bin\..\bin\m2.conf"/>
    <property name="sun.jnu.encoding" value="Cp1252"/>
    <property name="java.library.path" value="D:\Program Files\Amazon Corretto\jdk11.0.5_10\bin;C:\WINDOWS\Sun\Java\bin;C:\WINDOWS\system32;C:\WINDOWS;D:\Program Files\NVIDIA GPU Computing Toolkit\CUDA\v10.2\bin;D:\Program Files\NVIDIA GPU Computing Toolkit\CUDA\v10.2\libnvvp;;D:\Program Files\Amazon Corretto\jdk11.0.5_10\bin;D:\app\product\18.0.0\dbhomeXE\bin;C:\Program Files (x86)\Common Files\Oracle\Java\javapath;C:\Program Files (x86)\Common Files\Intel\Shared Libraries\redist\intel64\compiler;C:\Program Files\Microsoft MPI\Bin\;C:\WINDOWS\system32;C:\WINDOWS;C:\WINDOWS\System32\Wbem;C:\WINDOWS\System32\WindowsPowerShell\v1.0\;C:\Program Files (x86)\ATI Technologies\ATI.ACE\Core-Static;C:\Program Files (x86)\AOMEI Backupper;C:\WINDOWS\System32\OpenSSH\;C:\Program Files (x86)\Gow\bin;C:\Program Files\Git\cmd;C:\Program Files\Git\mingw64\bin;C:\Program Files\Git\usr\bin;C:\Program Files\Common Files\Autodesk Shared\;D:\Program Files\MATLAB\R2019a\bin;D:\Program Files\MATLAB\R2018b\bin;C:\Program Files\dotnet\;C:\Program Files (x86)\Microsoft SQL Server\140\Tools\Binn\;C:\Program Files\Microsoft SQL Server\140\Tools\Binn\;C:\Program Files (x86)\Microsoft SQL Server\140\DTS\Binn\;C:\Program Files\Microsoft SQL Server\140\DTS\Binn\;C:\Program Files\Microsoft SQL Server\Client SDK\ODBC\130\Tools\Binn\;C:\Program Files (x86)\Microsoft SQL Server\Client SDK\ODBC\130\Tools\Binn\;C:\Program Files (x86)\Microsoft SQL Server\140\Tools\Binn\ManagementStudio\;D:\Program Files (x86)\QuickTime\QTSystem\;D:\Downloads\apache-maven-3.6.0\bin;D:\Program Files\nodejs\;D:\Program Files\apache-maven-3.6.2\bin\bin;D:\Program Files (x86)\Calibre2\;D:\Program Files (x86)\sbt\bin;D:\Program Files (x86)\scala\bin;C:\Program Files (x86)\GtkSharp\2.12\bin;D:\Program Files (x86)\Brackets\command;D:\Program Files\NVIDIA Corporation\Nsight Compute 2019.5.0\;D:\Program Files\NVIDIA Corporation\NVIDIA NvDLISR;C:\Program Files (x86)\NVIDIA Corporation\PhysX\Common;D:\Users\HP STORM 28 1\Anaconda3;D:\Users\HP STORM 28 1\Anaconda3\Library\mingw-w64\bin;D:\Users\HP STORM 28 1\Anaconda3\Library\usr\bin;D:\Users\HP STORM 28 1\Anaconda3\Library\bin;D:\Users\HP STORM 28 1\Anaconda3\Scripts;D:\Program Files\MySQL\MySQL Shell 8.0\bin\;%PATH;D:\Anaconda3\Scripts;D:\Anaconda3;D:\Program Files\Java\jdk-11.0.1\bin;D:\Users\HP STORM 28 1\AppData\Local\Programs\Microsoft VS Code\bin;C:\Users\HP STORM 28 1\AppData\Roaming\npm;."/>
    <property name="maven.conf" value="D:\Downloads\apache-maven-3.6.0\bin\../conf"/>
    <property name="jdk.debug" value="release"/>
    <property name="java.class.version" value="55.0"/>
    <property name="java.specification.name" value="Java Platform API Specification"/>
    <property name="sun.management.compiler" value="HotSpot 64-Bit Tiered Compilers"/>
    <property name="os.version" value="10.0"/>
    <property name="library.jansi.path" value="D:\Downloads\apache-maven-3.6.0\bin\..\lib\jansi-native"/>
    <property name="user.home" value="C:\Users\HP STORM 28 1"/>
    <property name="user.timezone" value="Europe/London"/>
    <property name="java.awt.printerjob" value="sun.awt.windows.WPrinterJob"/>
    <property name="file.encoding" value="Cp1252"/>
    <property name="java.specification.version" value="11"/>
    <property name="user.name" value="HP STORM 28 1"/>
    <property name="java.class.path" value="D:\Downloads\apache-maven-3.6.0\bin\..\boot\plexus-classworlds-2.5.2.jar"/>
    <property name="java.vm.specification.version" value="11"/>
    <property name="sun.arch.data.model" value="64"/>
    <property name="sun.java.command" value="org.codehaus.plexus.classworlds.launcher.Launcher test"/>
    <property name="java.home" value="D:\Program Files\Amazon Corretto\jdk11.0.5_10"/>
    <property name="user.language" value="en"/>
    <property name="java.specification.vendor" value="Oracle Corporation"/>
    <property name="awt.toolkit" value="sun.awt.windows.WToolkit"/>
    <property name="java.vm.info" value="mixed mode"/>
    <property name="java.version" value="11.0.5"/>
    <property name="java.vendor" value="Amazon.com Inc."/>
    <property name="sun.stderr.encoding" value="cp437"/>
    <property name="maven.home" value="D:\Downloads\apache-maven-3.6.0\bin\.."/>
    <property name="file.separator" value="\"/>
    <property name="java.version.date" value="2019-10-15"/>
    <property name="java.vendor.url.bug" value="https://github.com/corretto/corretto-11/issues/"/>
    <property name="sun.io.unicode.encoding" value="UnicodeLittle"/>
    <property name="sun.cpu.endian" value="little"/>
    <property name="java.vendor.version" value="Corretto-11.0.5.10.1"/>
    <property name="sun.stdout.encoding" value="cp437"/>
    <property name="sun.desktop" value="windows"/>
    <property name="sun.cpu.isalist" value="amd64"/>
  </properties>
  <testcase classname="com.sainsburys.SainsburysWebpageParser.AppTest" name="testGetJsonReturnsProduct" time="5.364"/>
  <testcase classname="com.sainsburys.SainsburysWebpageParser.AppTest" name="testGetProductNotEmpty" time="6.02"/>
  <testcase classname="com.sainsburys.SainsburysWebpageParser.AppTest" name="testGetJsonDoesNotReturnEmptyJson" time="5.227"/>
  <testcase classname="com.sainsburys.SainsburysWebpageParser.AppTest" name="testGetJsonReturnsResultAndTotal" time="1.21"/>
</testsuite>